
*** Running vivado
    with args -log labkit.vds -m64 -mode batch -messageDb vivado.pb -source labkit.tcl


****** Vivado v2014.4.1 (64-bit)
  **** SW Build 1149489 on Thu Feb 19 16:01:47 MST 2015
  **** IP Build 1147552 on Wed Feb 18 14:25:16 MST 2015
    ** Copyright 1986-2014 Xilinx, Inc. All Rights Reserved.

source labkit.tcl
# set_param gui.test TreeTableDev
# set_param xicom.use_bs_reader 1
# debug::add_scope template.lib 1
# set_msg_config -id {HDL 9-1061} -limit 100000
# set_msg_config -id {HDL 9-1654} -limit 100000
# create_project -in_memory -part xc7a100tcsg324-3
# set_param project.compositeFile.enableAutoGeneration 0
# set_param synth.vivado.isSynthRun true
# set_property webtalk.parent_dir /afs/athena.mit.edu/user/q/y/qyn/Desktop/6.111/6.111-final-project/project_1.cache/wt [current_project]
# set_property parent.project_path /afs/athena.mit.edu/user/q/y/qyn/Desktop/6.111/6.111-final-project/project_1.xpr [current_project]
# set_property default_lib xil_defaultlib [current_project]
# set_property target_language Verilog [current_project]
# add_files -quiet /afs/athena.mit.edu/user/q/y/qyn/Desktop/6.111/6.111-final-project/project_1.runs/video_bram_synth_1/video_bram.dcp
# set_property used_in_implementation false [get_files /afs/athena.mit.edu/user/q/y/qyn/Desktop/6.111/6.111-final-project/project_1.runs/video_bram_synth_1/video_bram.dcp]
# read_verilog -library xil_defaultlib {
#   /afs/athena.mit.edu/user/q/y/qyn/Desktop/6.111/6.111-final-project/project_1.srcs/sources_1/imports/6.111/project/src/SCCB_interface.v
#   /afs/athena.mit.edu/user/q/y/qyn/Desktop/6.111/6.111-final-project/project_1.srcs/sources_1/imports/6.111/project/src/OV7670_config_rom.v
#   /afs/athena.mit.edu/user/q/y/qyn/Desktop/6.111/6.111-final-project/project_1.srcs/sources_1/imports/6.111/project/src/OV7670_config.v
#   /afs/athena.mit.edu/user/q/y/qyn/Desktop/6.111/6.111-final-project/project_1.srcs/sources_1/imports/6.111/project/src/camera_read.v
#   /afs/athena.mit.edu/user/q/y/qyn/Desktop/6.111/6.111-final-project/project_1.srcs/sources_1/imports/6.111/project/src/camera_configure.v
#   /afs/athena.mit.edu/user/q/y/qyn/Desktop/6.111/6.111-final-project/project_1.srcs/sources_1/imports/6.111/project/src/project_top.v
#   /afs/athena.mit.edu/user/q/y/qyn/Desktop/6.111/lab4/sources/display_8hex.v
# }
# read_xdc /afs/athena.mit.edu/user/q/y/qyn/Desktop/6.111/6.111-final-project/project_1.srcs/constrs_1/imports/Downloads/Nexys4DDR_Master_lab4.xdc
# set_property used_in_implementation false [get_files /afs/athena.mit.edu/user/q/y/qyn/Desktop/6.111/6.111-final-project/project_1.srcs/constrs_1/imports/Downloads/Nexys4DDR_Master_lab4.xdc]
# catch { write_hwdef -file labkit.hwdef }
INFO: [Vivado_Tcl 4-279] hardware handoff file cannot be generated as there is no block diagram instance in the design
# synth_design -top labkit -part xc7a100tcsg324-3
Command: synth_design -top labkit -part xc7a100tcsg324-3
Starting synth_design
Attempting to get a license for feature 'Synthesis' and/or device 'xc7a100t'
INFO: [Common 17-349] Got license for feature 'Synthesis' and/or device 'xc7a100t'
---------------------------------------------------------------------------------
Starting RTL Elaboration : Time (s): cpu = 00:00:06 ; elapsed = 00:00:07 . Memory (MB): peak = 908.109 ; gain = 143.738 ; free physical = 2416 ; free virtual = 13226
---------------------------------------------------------------------------------
INFO: [Synth 8-638] synthesizing module 'labkit' [/afs/athena.mit.edu/user/q/y/qyn/Desktop/6.111/6.111-final-project/project_1.srcs/sources_1/imports/6.111/project/src/project_top.v:22]
	Parameter MAX_ADDRESS bound to: 17'b11111111111111111 
INFO: [Synth 8-638] synthesizing module 'clock_quarter_divider' [/afs/athena.mit.edu/user/q/y/qyn/Desktop/6.111/6.111-final-project/project_1.srcs/sources_1/imports/6.111/project/src/project_top.v:202]
INFO: [Synth 8-256] done synthesizing module 'clock_quarter_divider' (1#1) [/afs/athena.mit.edu/user/q/y/qyn/Desktop/6.111/6.111-final-project/project_1.srcs/sources_1/imports/6.111/project/src/project_top.v:202]
INFO: [Synth 8-638] synthesizing module 'display_8hex' [/afs/athena.mit.edu/user/q/y/qyn/Desktop/6.111/lab4/sources/display_8hex.v:16]
	Parameter bits bound to: 13 - type: integer 
INFO: [Synth 8-256] done synthesizing module 'display_8hex' (2#1) [/afs/athena.mit.edu/user/q/y/qyn/Desktop/6.111/lab4/sources/display_8hex.v:16]
INFO: [Synth 8-638] synthesizing module 'camera_configure' [/afs/athena.mit.edu/user/q/y/qyn/Desktop/6.111/6.111-final-project/project_1.srcs/sources_1/imports/6.111/project/src/camera_configure.v:23]
	Parameter CLK_FREQ bound to: 25000000 - type: integer 
INFO: [Synth 8-638] synthesizing module 'OV7670_config_rom' [/afs/athena.mit.edu/user/q/y/qyn/Desktop/6.111/6.111-final-project/project_1.srcs/sources_1/imports/6.111/project/src/OV7670_config_rom.v:23]
INFO: [Synth 8-256] done synthesizing module 'OV7670_config_rom' (3#1) [/afs/athena.mit.edu/user/q/y/qyn/Desktop/6.111/6.111-final-project/project_1.srcs/sources_1/imports/6.111/project/src/OV7670_config_rom.v:23]
INFO: [Synth 8-638] synthesizing module 'OV7670_config' [/afs/athena.mit.edu/user/q/y/qyn/Desktop/6.111/6.111-final-project/project_1.srcs/sources_1/imports/6.111/project/src/OV7670_config.v:23]
	Parameter CLK_FREQ bound to: 25000000 - type: integer 
	Parameter FSM_IDLE bound to: 0 - type: integer 
	Parameter FSM_SEND_CMD bound to: 1 - type: integer 
	Parameter FSM_DONE bound to: 2 - type: integer 
	Parameter FSM_TIMER bound to: 3 - type: integer 
INFO: [Synth 8-155] case statement is not full and has no default [/afs/athena.mit.edu/user/q/y/qyn/Desktop/6.111/6.111-final-project/project_1.srcs/sources_1/imports/6.111/project/src/OV7670_config.v:58]
INFO: [Synth 8-256] done synthesizing module 'OV7670_config' (4#1) [/afs/athena.mit.edu/user/q/y/qyn/Desktop/6.111/6.111-final-project/project_1.srcs/sources_1/imports/6.111/project/src/OV7670_config.v:23]
INFO: [Synth 8-638] synthesizing module 'SCCB_interface' [/afs/athena.mit.edu/user/q/y/qyn/Desktop/6.111/6.111-final-project/project_1.srcs/sources_1/imports/6.111/project/src/SCCB_interface.v:23]
	Parameter CLK_FREQ bound to: 25000000 - type: integer 
	Parameter SCCB_FREQ bound to: 100000 - type: integer 
	Parameter CAMERA_ADDR bound to: 8'b01000010 
	Parameter FSM_IDLE bound to: 0 - type: integer 
	Parameter FSM_START_SIGNAL bound to: 1 - type: integer 
	Parameter FSM_LOAD_BYTE bound to: 2 - type: integer 
	Parameter FSM_TX_BYTE_1 bound to: 3 - type: integer 
	Parameter FSM_TX_BYTE_2 bound to: 4 - type: integer 
	Parameter FSM_TX_BYTE_3 bound to: 5 - type: integer 
	Parameter FSM_TX_BYTE_4 bound to: 6 - type: integer 
	Parameter FSM_END_SIGNAL_1 bound to: 7 - type: integer 
	Parameter FSM_END_SIGNAL_2 bound to: 8 - type: integer 
	Parameter FSM_END_SIGNAL_3 bound to: 9 - type: integer 
	Parameter FSM_END_SIGNAL_4 bound to: 10 - type: integer 
	Parameter FSM_DONE bound to: 11 - type: integer 
	Parameter FSM_TIMER bound to: 12 - type: integer 
INFO: [Synth 8-155] case statement is not full and has no default [/afs/athena.mit.edu/user/q/y/qyn/Desktop/6.111/6.111-final-project/project_1.srcs/sources_1/imports/6.111/project/src/SCCB_interface.v:72]
INFO: [Synth 8-256] done synthesizing module 'SCCB_interface' (5#1) [/afs/athena.mit.edu/user/q/y/qyn/Desktop/6.111/6.111-final-project/project_1.srcs/sources_1/imports/6.111/project/src/SCCB_interface.v:23]
INFO: [Synth 8-256] done synthesizing module 'camera_configure' (6#1) [/afs/athena.mit.edu/user/q/y/qyn/Desktop/6.111/6.111-final-project/project_1.srcs/sources_1/imports/6.111/project/src/camera_configure.v:23]
INFO: [Synth 8-638] synthesizing module 'camera_read' [/afs/athena.mit.edu/user/q/y/qyn/Desktop/6.111/6.111-final-project/project_1.srcs/sources_1/imports/6.111/project/src/camera_read.v:21]
	Parameter WAIT_FRAME_START bound to: 0 - type: integer 
	Parameter ROW_CAPTURE bound to: 1 - type: integer 
INFO: [Synth 8-155] case statement is not full and has no default [/afs/athena.mit.edu/user/q/y/qyn/Desktop/6.111/6.111-final-project/project_1.srcs/sources_1/imports/6.111/project/src/camera_read.v:42]
INFO: [Synth 8-256] done synthesizing module 'camera_read' (7#1) [/afs/athena.mit.edu/user/q/y/qyn/Desktop/6.111/6.111-final-project/project_1.srcs/sources_1/imports/6.111/project/src/camera_read.v:21]
INFO: [Synth 8-638] synthesizing module 'video_bram' [/afs/athena.mit.edu/user/q/y/qyn/Desktop/6.111/6.111-final-project/project_1.runs/synth_1/.Xil/Vivado-6335-eecs-digital-24/realtime/video_bram_stub.v:7]
INFO: [Synth 8-256] done synthesizing module 'video_bram' (8#1) [/afs/athena.mit.edu/user/q/y/qyn/Desktop/6.111/6.111-final-project/project_1.runs/synth_1/.Xil/Vivado-6335-eecs-digital-24/realtime/video_bram_stub.v:7]
INFO: [Synth 8-638] synthesizing module 'vga' [/afs/athena.mit.edu/user/q/y/qyn/Desktop/6.111/6.111-final-project/project_1.srcs/sources_1/imports/6.111/project/src/project_top.v:213]
INFO: [Synth 8-256] done synthesizing module 'vga' (9#1) [/afs/athena.mit.edu/user/q/y/qyn/Desktop/6.111/6.111-final-project/project_1.srcs/sources_1/imports/6.111/project/src/project_top.v:213]
WARNING: [Synth 8-3848] Net camera_reset in module/entity labkit does not have driver. [/afs/athena.mit.edu/user/q/y/qyn/Desktop/6.111/6.111-final-project/project_1.srcs/sources_1/imports/6.111/project/src/project_top.v:77]
WARNING: [Synth 8-3848] Net camera_pwdn in module/entity labkit does not have driver. [/afs/athena.mit.edu/user/q/y/qyn/Desktop/6.111/6.111-final-project/project_1.srcs/sources_1/imports/6.111/project/src/project_top.v:76]
WARNING: [Synth 8-3848] Net LED16_B in module/entity labkit does not have driver. [/afs/athena.mit.edu/user/q/y/qyn/Desktop/6.111/6.111-final-project/project_1.srcs/sources_1/imports/6.111/project/src/project_top.v:35]
WARNING: [Synth 8-3848] Net LED16_G in module/entity labkit does not have driver. [/afs/athena.mit.edu/user/q/y/qyn/Desktop/6.111/6.111-final-project/project_1.srcs/sources_1/imports/6.111/project/src/project_top.v:35]
WARNING: [Synth 8-3848] Net LED16_R in module/entity labkit does not have driver. [/afs/athena.mit.edu/user/q/y/qyn/Desktop/6.111/6.111-final-project/project_1.srcs/sources_1/imports/6.111/project/src/project_top.v:35]
WARNING: [Synth 8-3848] Net LED17_B in module/entity labkit does not have driver. [/afs/athena.mit.edu/user/q/y/qyn/Desktop/6.111/6.111-final-project/project_1.srcs/sources_1/imports/6.111/project/src/project_top.v:36]
WARNING: [Synth 8-3848] Net LED17_G in module/entity labkit does not have driver. [/afs/athena.mit.edu/user/q/y/qyn/Desktop/6.111/6.111-final-project/project_1.srcs/sources_1/imports/6.111/project/src/project_top.v:36]
WARNING: [Synth 8-3848] Net LED17_R in module/entity labkit does not have driver. [/afs/athena.mit.edu/user/q/y/qyn/Desktop/6.111/6.111-final-project/project_1.srcs/sources_1/imports/6.111/project/src/project_top.v:36]
INFO: [Synth 8-256] done synthesizing module 'labkit' (10#1) [/afs/athena.mit.edu/user/q/y/qyn/Desktop/6.111/6.111-final-project/project_1.srcs/sources_1/imports/6.111/project/src/project_top.v:22]
WARNING: [Synth 8-3331] design labkit has unconnected port LED16_B
WARNING: [Synth 8-3331] design labkit has unconnected port LED16_G
WARNING: [Synth 8-3331] design labkit has unconnected port LED16_R
WARNING: [Synth 8-3331] design labkit has unconnected port LED17_B
WARNING: [Synth 8-3331] design labkit has unconnected port LED17_G
WARNING: [Synth 8-3331] design labkit has unconnected port LED17_R
WARNING: [Synth 8-3331] design labkit has unconnected port LED[15]
WARNING: [Synth 8-3331] design labkit has unconnected port LED[14]
WARNING: [Synth 8-3331] design labkit has unconnected port LED[13]
WARNING: [Synth 8-3331] design labkit has unconnected port LED[12]
WARNING: [Synth 8-3331] design labkit has unconnected port LED[11]
WARNING: [Synth 8-3331] design labkit has unconnected port LED[9]
WARNING: [Synth 8-3331] design labkit has unconnected port LED[8]
WARNING: [Synth 8-3331] design labkit has unconnected port LED[7]
WARNING: [Synth 8-3331] design labkit has unconnected port LED[6]
WARNING: [Synth 8-3331] design labkit has unconnected port LED[5]
WARNING: [Synth 8-3331] design labkit has unconnected port LED[4]
WARNING: [Synth 8-3331] design labkit has unconnected port LED[3]
WARNING: [Synth 8-3331] design labkit has unconnected port LED[2]
WARNING: [Synth 8-3331] design labkit has unconnected port LED[1]
WARNING: [Synth 8-3331] design labkit has unconnected port LED[0]
WARNING: [Synth 8-3917] design labkit has port SEG[7] driven by constant 1
WARNING: [Synth 8-3331] design labkit has unconnected port JB[4]
WARNING: [Synth 8-3331] design labkit has unconnected port JB[0]
WARNING: [Synth 8-3331] design labkit has unconnected port JC[7]
WARNING: [Synth 8-3331] design labkit has unconnected port JC[6]
WARNING: [Synth 8-3331] design labkit has unconnected port JC[5]
WARNING: [Synth 8-3331] design labkit has unconnected port JC[4]
WARNING: [Synth 8-3331] design labkit has unconnected port JC[3]
WARNING: [Synth 8-3331] design labkit has unconnected port JC[2]
WARNING: [Synth 8-3331] design labkit has unconnected port JC[1]
WARNING: [Synth 8-3331] design labkit has unconnected port JC[0]
WARNING: [Synth 8-3331] design labkit has unconnected port JD[7]
WARNING: [Synth 8-3331] design labkit has unconnected port JD[6]
WARNING: [Synth 8-3331] design labkit has unconnected port JD[5]
WARNING: [Synth 8-3331] design labkit has unconnected port JD[4]
WARNING: [Synth 8-3331] design labkit has unconnected port JD[3]
WARNING: [Synth 8-3331] design labkit has unconnected port JD[2]
WARNING: [Synth 8-3331] design labkit has unconnected port JD[1]
WARNING: [Synth 8-3331] design labkit has unconnected port JD[0]
WARNING: [Synth 8-3331] design labkit has unconnected port SW[15]
WARNING: [Synth 8-3331] design labkit has unconnected port SW[14]
WARNING: [Synth 8-3331] design labkit has unconnected port SW[13]
WARNING: [Synth 8-3331] design labkit has unconnected port SW[12]
WARNING: [Synth 8-3331] design labkit has unconnected port SW[11]
WARNING: [Synth 8-3331] design labkit has unconnected port SW[10]
WARNING: [Synth 8-3331] design labkit has unconnected port SW[9]
WARNING: [Synth 8-3331] design labkit has unconnected port SW[8]
WARNING: [Synth 8-3331] design labkit has unconnected port SW[7]
WARNING: [Synth 8-3331] design labkit has unconnected port SW[6]
WARNING: [Synth 8-3331] design labkit has unconnected port SW[5]
WARNING: [Synth 8-3331] design labkit has unconnected port SW[4]
WARNING: [Synth 8-3331] design labkit has unconnected port SW[3]
WARNING: [Synth 8-3331] design labkit has unconnected port SW[2]
WARNING: [Synth 8-3331] design labkit has unconnected port SW[1]
WARNING: [Synth 8-3331] design labkit has unconnected port SW[0]
WARNING: [Synth 8-3331] design labkit has unconnected port BTNC
WARNING: [Synth 8-3331] design labkit has unconnected port BTNL
WARNING: [Synth 8-3331] design labkit has unconnected port BTNR
WARNING: [Synth 8-3331] design labkit has unconnected port BTND
---------------------------------------------------------------------------------
Finished RTL Elaboration : Time (s): cpu = 00:00:07 ; elapsed = 00:00:09 . Memory (MB): peak = 944.352 ; gain = 179.980 ; free physical = 2377 ; free virtual = 13188
---------------------------------------------------------------------------------

Report Check Netlist: 
+------+------------------+-------+---------+-------+------------------+
|      |Item              |Errors |Warnings |Status |Description       |
+------+------------------+-------+---------+-------+------------------+
|1     |multi_driven_nets |      0|        0|Passed |Multi driven nets |
+------+------------------+-------+---------+-------+------------------+
---------------------------------------------------------------------------------
Finished RTL Optimization Phase 1 : Time (s): cpu = 00:00:07 ; elapsed = 00:00:09 . Memory (MB): peak = 944.352 ; gain = 179.980 ; free physical = 2377 ; free virtual = 13188
---------------------------------------------------------------------------------
Loading clock regions from /mit/6.111/xilinx-vivado/Vivado/2014.4/data/parts/xilinx/artix7/artix7/xc7a100t/ClockRegion.xml
Loading clock buffers from /mit/6.111/xilinx-vivado/Vivado/2014.4/data/parts/xilinx/artix7/artix7/xc7a100t/ClockBuffers.xml
Loading clock placement rules from /mit/6.111/xilinx-vivado/Vivado/2014.4/data/parts/xilinx/artix7/ClockPlacerRules.xml
Loading package pin functions from /mit/6.111/xilinx-vivado/Vivado/2014.4/data/parts/xilinx/artix7/PinFunctions.xml...
Loading package from /mit/6.111/xilinx-vivado/Vivado/2014.4/data/parts/xilinx/artix7/artix7/xc7a100t/csg324/Package.xml
Loading io standards from /mit/6.111/xilinx-vivado/Vivado/2014.4/data/./parts/xilinx/artix7/IOStandards.xml
Loading device configuration modes from /mit/6.111/xilinx-vivado/Vivado/2014.4/data/parts/xilinx/artix7/ConfigModes.xml
INFO: [Project 1-570] Preparing netlist for logic optimization

Processing XDC Constraints
Initializing timing engine
Parsing XDC File [/afs/athena.mit.edu/user/q/y/qyn/Desktop/6.111/6.111-final-project/project_1.srcs/constrs_1/imports/Downloads/Nexys4DDR_Master_lab4.xdc]
WARNING: [Vivado 12-507] No nets matched 'n_1_n_0_107_BUFG_inst'. [/afs/athena.mit.edu/user/q/y/qyn/Desktop/6.111/6.111-final-project/project_1.srcs/constrs_1/imports/Downloads/Nexys4DDR_Master_lab4.xdc:9]
Finished Parsing XDC File [/afs/athena.mit.edu/user/q/y/qyn/Desktop/6.111/6.111-final-project/project_1.srcs/constrs_1/imports/Downloads/Nexys4DDR_Master_lab4.xdc]
WARNING: [Project 1-498] One or more constraints failed evaluation while reading constraint file [/afs/athena.mit.edu/user/q/y/qyn/Desktop/6.111/6.111-final-project/project_1.srcs/constrs_1/imports/Downloads/Nexys4DDR_Master_lab4.xdc] and the design contains unresolved black boxes. These constraints will be read post-synthesis (as long as their source constraint file is marked as used_in_implementation) and should be applied correctly then. You should review the constraints listed in the file [.Xil/labkit_propImpl.xdc] and check the run log file to verify that these constraints were correctly applied.
Completed Processing XDC Constraints

INFO: [Project 1-111] Unisim Transformation Summary:
No Unisim elements were transformed.

Constraint Validation Runtime : Time (s): cpu = 00:00:00.01 ; elapsed = 00:00:00.01 . Memory (MB): peak = 1266.590 ; gain = 0.000 ; free physical = 2184 ; free virtual = 12995
---------------------------------------------------------------------------------
Finished Constraint Validation : Time (s): cpu = 00:00:16 ; elapsed = 00:00:19 . Memory (MB): peak = 1266.590 ; gain = 502.219 ; free physical = 2183 ; free virtual = 12994
---------------------------------------------------------------------------------
---------------------------------------------------------------------------------
Start Loading Part and Timing Information
---------------------------------------------------------------------------------
Loading part: xc7a100tcsg324-3
---------------------------------------------------------------------------------
Finished Loading Part and Timing Information : Time (s): cpu = 00:00:16 ; elapsed = 00:00:19 . Memory (MB): peak = 1266.590 ; gain = 502.219 ; free physical = 2183 ; free virtual = 12994
---------------------------------------------------------------------------------
---------------------------------------------------------------------------------
Start Applying 'set_property' XDC Constraints
---------------------------------------------------------------------------------
---------------------------------------------------------------------------------
Finished applying 'set_property' XDC Constraints : Time (s): cpu = 00:00:17 ; elapsed = 00:00:20 . Memory (MB): peak = 1266.590 ; gain = 502.219 ; free physical = 2184 ; free virtual = 12994
---------------------------------------------------------------------------------
ROM "FSM_state" won't be mapped to RAM because it is too sparse.
ROM "timer0" won't be mapped to RAM because address size (32) is larger than maximum supported(18) 
ROM "FSM_state0" won't be mapped to Block RAM because address size (2) smaller than threshold (5) 
ROM "FSM_state0" won't be mapped to Block RAM because address size (4) smaller than threshold (5) 
ROM "timer0" won't be mapped to RAM because address size (32) is larger than maximum supported(18) 
ROM "vcount" won't be mapped to RAM because it is too sparse.
WARNING: [Synth 8-3848] Net camera_reset in module/entity labkit does not have driver. [/afs/athena.mit.edu/user/q/y/qyn/Desktop/6.111/6.111-final-project/project_1.srcs/sources_1/imports/6.111/project/src/project_top.v:77]
WARNING: [Synth 8-3848] Net camera_pwdn in module/entity labkit does not have driver. [/afs/athena.mit.edu/user/q/y/qyn/Desktop/6.111/6.111-final-project/project_1.srcs/sources_1/imports/6.111/project/src/project_top.v:76]
WARNING: [Synth 8-3848] Net LED16_B in module/entity labkit does not have driver. [/afs/athena.mit.edu/user/q/y/qyn/Desktop/6.111/6.111-final-project/project_1.srcs/sources_1/imports/6.111/project/src/project_top.v:35]
WARNING: [Synth 8-3848] Net LED16_G in module/entity labkit does not have driver. [/afs/athena.mit.edu/user/q/y/qyn/Desktop/6.111/6.111-final-project/project_1.srcs/sources_1/imports/6.111/project/src/project_top.v:35]
WARNING: [Synth 8-3848] Net LED16_R in module/entity labkit does not have driver. [/afs/athena.mit.edu/user/q/y/qyn/Desktop/6.111/6.111-final-project/project_1.srcs/sources_1/imports/6.111/project/src/project_top.v:35]
WARNING: [Synth 8-3848] Net LED17_B in module/entity labkit does not have driver. [/afs/athena.mit.edu/user/q/y/qyn/Desktop/6.111/6.111-final-project/project_1.srcs/sources_1/imports/6.111/project/src/project_top.v:36]
WARNING: [Synth 8-3848] Net LED17_G in module/entity labkit does not have driver. [/afs/athena.mit.edu/user/q/y/qyn/Desktop/6.111/6.111-final-project/project_1.srcs/sources_1/imports/6.111/project/src/project_top.v:36]
WARNING: [Synth 8-3848] Net LED17_R in module/entity labkit does not have driver. [/afs/athena.mit.edu/user/q/y/qyn/Desktop/6.111/6.111-final-project/project_1.srcs/sources_1/imports/6.111/project/src/project_top.v:36]
---------------------------------------------------------------------------------
Finished RTL Optimization Phase 2 : Time (s): cpu = 00:00:17 ; elapsed = 00:00:20 . Memory (MB): peak = 1266.590 ; gain = 502.219 ; free physical = 2168 ; free virtual = 12979
---------------------------------------------------------------------------------

Report RTL Partitions: 
+-+--------------+------------+----------+
| |RTL Partition |Replication |Instances |
+-+--------------+------------+----------+
+-+--------------+------------+----------+
---------------------------------------------------------------------------------
Start RTL Component Statistics 
---------------------------------------------------------------------------------
Detailed RTL Component Info : 
+---Adders : 
	   2 Input     32 Bit       Adders := 2     
	   2 Input     17 Bit       Adders := 2     
	   2 Input     10 Bit       Adders := 3     
	   2 Input      8 Bit       Adders := 1     
	   2 Input      4 Bit       Adders := 1     
	   2 Input      2 Bit       Adders := 1     
	   2 Input      1 Bit       Adders := 1     
+---Registers : 
	               32 Bit    Registers := 2     
	               17 Bit    Registers := 2     
	               16 Bit    Registers := 3     
	               10 Bit    Registers := 3     
	                8 Bit    Registers := 7     
	                7 Bit    Registers := 1     
	                4 Bit    Registers := 3     
	                3 Bit    Registers := 2     
	                2 Bit    Registers := 2     
	                1 Bit    Registers := 13    
+---ROMs : 
	                              ROMs := 1     
+---Muxes : 
	   2 Input     32 Bit        Muxes := 4     
	   4 Input     32 Bit        Muxes := 1     
	   3 Input     32 Bit        Muxes := 1     
	  14 Input     32 Bit        Muxes := 1     
	   2 Input     17 Bit        Muxes := 2     
	   2 Input     16 Bit        Muxes := 4     
	   2 Input     10 Bit        Muxes := 3     
	   8 Input      8 Bit        Muxes := 1     
	   2 Input      8 Bit        Muxes := 1     
	   4 Input      8 Bit        Muxes := 2     
	  14 Input      8 Bit        Muxes := 1     
	  16 Input      7 Bit        Muxes := 8     
	   2 Input      4 Bit        Muxes := 7     
	  14 Input      4 Bit        Muxes := 2     
	   2 Input      3 Bit        Muxes := 1     
	   4 Input      3 Bit        Muxes := 1     
	   2 Input      2 Bit        Muxes := 6     
	   3 Input      2 Bit        Muxes := 1     
	  14 Input      2 Bit        Muxes := 1     
	   2 Input      1 Bit        Muxes := 35    
	   4 Input      1 Bit        Muxes := 8     
	   3 Input      1 Bit        Muxes := 4     
	  14 Input      1 Bit        Muxes := 11    
---------------------------------------------------------------------------------
Finished RTL Component Statistics 
---------------------------------------------------------------------------------
---------------------------------------------------------------------------------
Start RTL Hierarchical Component Statistics 
---------------------------------------------------------------------------------
Hierarchical RTL Component report 
Module labkit 
Detailed RTL Component Info : 
+---Adders : 
	   2 Input     17 Bit       Adders := 2     
	   2 Input     10 Bit       Adders := 1     
+---Registers : 
	               17 Bit    Registers := 2     
	               16 Bit    Registers := 1     
	               10 Bit    Registers := 1     
	                1 Bit    Registers := 3     
+---Muxes : 
	   2 Input     17 Bit        Muxes := 2     
	   2 Input     10 Bit        Muxes := 1     
	   2 Input      4 Bit        Muxes := 4     
	   2 Input      1 Bit        Muxes := 10    
Module clock_quarter_divider 
Detailed RTL Component Info : 
+---Adders : 
	   2 Input      1 Bit       Adders := 1     
+---Registers : 
	                1 Bit    Registers := 2     
Module display_8hex 
Detailed RTL Component Info : 
+---Registers : 
	                8 Bit    Registers := 1     
	                7 Bit    Registers := 1     
+---Muxes : 
	   8 Input      8 Bit        Muxes := 1     
	  16 Input      7 Bit        Muxes := 8     
Module OV7670_config_rom 
Detailed RTL Component Info : 
+---Registers : 
	               16 Bit    Registers := 1     
+---ROMs : 
	                              ROMs := 1     
Module OV7670_config 
Detailed RTL Component Info : 
+---Adders : 
	   2 Input     32 Bit       Adders := 1     
	   2 Input      8 Bit       Adders := 1     
+---Registers : 
	               32 Bit    Registers := 1     
	                8 Bit    Registers := 3     
	                3 Bit    Registers := 2     
	                1 Bit    Registers := 2     
+---Muxes : 
	   2 Input     32 Bit        Muxes := 3     
	   4 Input     32 Bit        Muxes := 1     
	   3 Input     32 Bit        Muxes := 1     
	   2 Input      8 Bit        Muxes := 1     
	   4 Input      8 Bit        Muxes := 1     
	   2 Input      3 Bit        Muxes := 1     
	   4 Input      3 Bit        Muxes := 1     
	   2 Input      2 Bit        Muxes := 1     
	   3 Input      2 Bit        Muxes := 1     
	   2 Input      1 Bit        Muxes := 12    
	   4 Input      1 Bit        Muxes := 8     
	   3 Input      1 Bit        Muxes := 4     
Module SCCB_interface 
Detailed RTL Component Info : 
+---Adders : 
	   2 Input     32 Bit       Adders := 1     
	   2 Input      4 Bit       Adders := 1     
	   2 Input      2 Bit       Adders := 1     
+---Registers : 
	               32 Bit    Registers := 1     
	                8 Bit    Registers := 3     
	                4 Bit    Registers := 3     
	                2 Bit    Registers := 1     
	                1 Bit    Registers := 3     
+---Muxes : 
	   2 Input     32 Bit        Muxes := 1     
	  14 Input     32 Bit        Muxes := 1     
	  14 Input      8 Bit        Muxes := 1     
	   4 Input      8 Bit        Muxes := 1     
	   2 Input      4 Bit        Muxes := 3     
	  14 Input      4 Bit        Muxes := 2     
	  14 Input      2 Bit        Muxes := 1     
	  14 Input      1 Bit        Muxes := 11    
	   2 Input      1 Bit        Muxes := 1     
Module camera_configure 
Detailed RTL Component Info : 
Module camera_read 
Detailed RTL Component Info : 
+---Registers : 
	               16 Bit    Registers := 1     
	                2 Bit    Registers := 1     
	                1 Bit    Registers := 3     
+---Muxes : 
	   2 Input     16 Bit        Muxes := 4     
	   2 Input      2 Bit        Muxes := 5     
	   2 Input      1 Bit        Muxes := 10    
Module vga 
Detailed RTL Component Info : 
+---Adders : 
	   2 Input     10 Bit       Adders := 2     
+---Registers : 
	               10 Bit    Registers := 2     
+---Muxes : 
	   2 Input     10 Bit        Muxes := 2     
	   2 Input      1 Bit        Muxes := 2     
---------------------------------------------------------------------------------
Finished RTL Hierarchical Component Statistics
---------------------------------------------------------------------------------
---------------------------------------------------------------------------------
Start Part Resource Summary
---------------------------------------------------------------------------------
Part Resources:
DSPs: 240 (col length:80)
BRAMs: 270 (col length: RAMB18 80 RAMB36 40)
---------------------------------------------------------------------------------
Finished Part Resource Summary
---------------------------------------------------------------------------------
Start Parallel Synthesis Optimization  : Time (s): cpu = 00:00:17 ; elapsed = 00:00:21 . Memory (MB): peak = 1266.590 ; gain = 502.219 ; free physical = 2168 ; free virtual = 12979
---------------------------------------------------------------------------------
Start Cross Boundary Optimization
---------------------------------------------------------------------------------
ROM "configure/config_1/timer0" won't be mapped to RAM because address size (32) is larger than maximum supported(18) 
ROM "configure/SCCB1/timer0" won't be mapped to RAM because address size (32) is larger than maximum supported(18) 
ROM "vga1/vcount" won't be mapped to RAM because it is too sparse.
DSP Report: Generating DSP read_address2, operation Mode is: A*(B:0x140).
DSP Report: operator read_address2 is absorbed into DSP read_address2.
DSP Report: Generating DSP read_address0, operation Mode is: PCIN+(A:0x0):B2+(C:0xffffffffff70).
DSP Report: register vga1/hcount_reg is absorbed into DSP read_address0.
DSP Report: operator read_address0 is absorbed into DSP read_address0.
WARNING: [Synth 8-3331] design labkit has unconnected port LED16_B
WARNING: [Synth 8-3331] design labkit has unconnected port LED16_G
WARNING: [Synth 8-3331] design labkit has unconnected port LED16_R
WARNING: [Synth 8-3331] design labkit has unconnected port LED17_B
WARNING: [Synth 8-3331] design labkit has unconnected port LED17_G
WARNING: [Synth 8-3331] design labkit has unconnected port LED17_R
WARNING: [Synth 8-3331] design labkit has unconnected port LED[15]
WARNING: [Synth 8-3331] design labkit has unconnected port LED[14]
WARNING: [Synth 8-3331] design labkit has unconnected port LED[13]
WARNING: [Synth 8-3331] design labkit has unconnected port LED[12]
WARNING: [Synth 8-3331] design labkit has unconnected port LED[11]
WARNING: [Synth 8-3331] design labkit has unconnected port LED[9]
WARNING: [Synth 8-3331] design labkit has unconnected port LED[8]
WARNING: [Synth 8-3331] design labkit has unconnected port LED[7]
WARNING: [Synth 8-3331] design labkit has unconnected port LED[6]
WARNING: [Synth 8-3331] design labkit has unconnected port LED[5]
WARNING: [Synth 8-3331] design labkit has unconnected port LED[4]
WARNING: [Synth 8-3331] design labkit has unconnected port LED[3]
WARNING: [Synth 8-3331] design labkit has unconnected port LED[2]
WARNING: [Synth 8-3331] design labkit has unconnected port LED[1]
WARNING: [Synth 8-3331] design labkit has unconnected port LED[0]
WARNING: [Synth 8-3917] design labkit has port SEG[7] driven by constant 1
WARNING: [Synth 8-3331] design labkit has unconnected port JB[4]
WARNING: [Synth 8-3331] design labkit has unconnected port JB[0]
WARNING: [Synth 8-3331] design labkit has unconnected port JC[7]
WARNING: [Synth 8-3331] design labkit has unconnected port JC[6]
WARNING: [Synth 8-3331] design labkit has unconnected port JC[5]
WARNING: [Synth 8-3331] design labkit has unconnected port JC[4]
WARNING: [Synth 8-3331] design labkit has unconnected port JC[3]
WARNING: [Synth 8-3331] design labkit has unconnected port JC[2]
WARNING: [Synth 8-3331] design labkit has unconnected port JC[1]
WARNING: [Synth 8-3331] design labkit has unconnected port JC[0]
WARNING: [Synth 8-3331] design labkit has unconnected port JD[7]
WARNING: [Synth 8-3331] design labkit has unconnected port JD[6]
WARNING: [Synth 8-3331] design labkit has unconnected port JD[5]
WARNING: [Synth 8-3331] design labkit has unconnected port JD[4]
WARNING: [Synth 8-3331] design labkit has unconnected port JD[3]
WARNING: [Synth 8-3331] design labkit has unconnected port JD[2]
WARNING: [Synth 8-3331] design labkit has unconnected port JD[1]
WARNING: [Synth 8-3331] design labkit has unconnected port JD[0]
WARNING: [Synth 8-3331] design labkit has unconnected port SW[15]
WARNING: [Synth 8-3331] design labkit has unconnected port SW[14]
INFO: [Common 17-14] Message 'Synth 8-3331' appears 100 times and further instances of the messages will be disabled. Use the Tcl command set_msg_config to change the current settings.
---------------------------------------------------------------------------------
Finished Cross Boundary Optimization : Time (s): cpu = 00:00:18 ; elapsed = 00:00:21 . Memory (MB): peak = 1266.590 ; gain = 502.219 ; free physical = 2168 ; free virtual = 12979
---------------------------------------------------------------------------------
Finished Parallel Reinference  : Time (s): cpu = 00:00:18 ; elapsed = 00:00:21 . Memory (MB): peak = 1266.590 ; gain = 502.219 ; free physical = 2168 ; free virtual = 12979

Report RTL Partitions: 
+-+--------------+------------+----------+
| |RTL Partition |Replication |Instances |
+-+--------------+------------+----------+
+-+--------------+------------+----------+
 Sort Area is null read_address2_0 : 0 0 : 154 236 : Used 1 time 0
 Sort Area is null read_address2_0 : 0 1 : 82 236 : Used 1 time 0
---------------------------------------------------------------------------------
Start RAM, DSP and Shift Register Reporting
---------------------------------------------------------------------------------

DSP:
+------------+------------------------------------+--------------+--------+--------+--------+--------+--------+------+------+------+------+-------+------+------+
|Module Name | DSP Mapping                        | Neg Edge Clk | A Size | B Size | C Size | D Size | P Size | AREG | BREG | CREG | DREG | ADREG | MREG | PREG | 
+------------+------------------------------------+--------------+--------+--------+--------+--------+--------+------+------+------+------+-------+------+------+
|labkit      | A*(B:0x140)                        | No           | 17     | 9      | 48     | 25     | 26     | 0    | 0    | 1    | 1    | 1     | 0    | 0    | 
|labkit      | PCIN+(A:0x0):B2+(C:0xffffffffff70) | No           | 30     | 10     | 9      | -1     | -1     | 0    | 1    | 0    | 1    | 1     | 0    | 0    | 
+------------+------------------------------------+--------------+--------+--------+--------+--------+--------+------+------+------+------+-------+------+------+

Note: The table shows DSPs generated at current stage. Some DSP generation could be reversed due to later optimizations. Multiple instantiated DSPs are reported only once.
---------------------------------------------------------------------------------
Finished RAM, DSP and Shift Register Reporting
---------------------------------------------------------------------------------
INFO: [Synth 8-3333] propagating constant 0 across sequential element (\camera_read_1/FSM_state_reg[1] )
INFO: [Synth 8-3333] propagating constant 1 across sequential element (\configure/config_1/FSM_return_state_reg[0] )
INFO: [Synth 8-3333] propagating constant 0 across sequential element (\configure/config_1/FSM_return_state_reg[2] )
INFO: [Synth 8-3333] propagating constant 0 across sequential element (\configure/config_1/FSM_state_reg[2] )
WARNING: [Synth 8-3332] Sequential element (\configure/config_1/FSM_state_reg[2] ) is unused and will be removed from module labkit.
WARNING: [Synth 8-3332] Sequential element (\configure/config_1/FSM_return_state_reg[2] ) is unused and will be removed from module labkit.
WARNING: [Synth 8-3332] Sequential element (\configure/config_1/FSM_return_state_reg[1] ) is unused and will be removed from module labkit.
WARNING: [Synth 8-3332] Sequential element (\configure/config_1/FSM_return_state_reg[0] ) is unused and will be removed from module labkit.
WARNING: [Synth 8-3332] Sequential element (\camera_read_1/FSM_state_reg[1] ) is unused and will be removed from module labkit.
---------------------------------------------------------------------------------
Start Area Optimization
---------------------------------------------------------------------------------
---------------------------------------------------------------------------------
Finished Area Optimization : Time (s): cpu = 00:00:19 ; elapsed = 00:00:22 . Memory (MB): peak = 1266.594 ; gain = 502.223 ; free physical = 2153 ; free virtual = 12964
---------------------------------------------------------------------------------
---------------------------------------------------------------------------------
Finished Area Optimization : Time (s): cpu = 00:00:19 ; elapsed = 00:00:22 . Memory (MB): peak = 1266.594 ; gain = 502.223 ; free physical = 2153 ; free virtual = 12964
---------------------------------------------------------------------------------
Finished Parallel Area Optimization  : Time (s): cpu = 00:00:19 ; elapsed = 00:00:22 . Memory (MB): peak = 1266.594 ; gain = 502.223 ; free physical = 2153 ; free virtual = 12964

Report RTL Partitions: 
+-+--------------+------------+----------+
| |RTL Partition |Replication |Instances |
+-+--------------+------------+----------+
+-+--------------+------------+----------+
Finished Parallel Synthesis Optimization  : Time (s): cpu = 00:00:19 ; elapsed = 00:00:22 . Memory (MB): peak = 1266.594 ; gain = 502.223 ; free physical = 2153 ; free virtual = 12964
---------------------------------------------------------------------------------
Start Timing Optimization
---------------------------------------------------------------------------------
---------------------------------------------------------------------------------
Start Applying XDC Timing Constraints
---------------------------------------------------------------------------------
---------------------------------------------------------------------------------
Finished Applying XDC Timing Constraints : Time (s): cpu = 00:00:36 ; elapsed = 00:00:39 . Memory (MB): peak = 1279.586 ; gain = 515.215 ; free physical = 2074 ; free virtual = 12885
---------------------------------------------------------------------------------
---------------------------------------------------------------------------------
Finished Timing Optimization : Time (s): cpu = 00:00:36 ; elapsed = 00:00:40 . Memory (MB): peak = 1280.586 ; gain = 516.215 ; free physical = 2074 ; free virtual = 12885
---------------------------------------------------------------------------------

Report RTL Partitions: 
+-+--------------+------------+----------+
| |RTL Partition |Replication |Instances |
+-+--------------+------------+----------+
+-+--------------+------------+----------+
---------------------------------------------------------------------------------
Start Technology Mapping
---------------------------------------------------------------------------------
INFO: [Synth 8-4480] The timing for the instance \configure/rom1/dout_reg  (implemented as a block RAM) might be sub-optimal as no optional output register could be merged into the block ram. Providing additional output register may help in improving timing.
---------------------------------------------------------------------------------
Finished Technology Mapping : Time (s): cpu = 00:00:37 ; elapsed = 00:00:40 . Memory (MB): peak = 1293.602 ; gain = 529.230 ; free physical = 2061 ; free virtual = 12872
---------------------------------------------------------------------------------

Report RTL Partitions: 
+-+--------------+------------+----------+
| |RTL Partition |Replication |Instances |
+-+--------------+------------+----------+
+-+--------------+------------+----------+
---------------------------------------------------------------------------------
Start IO Insertion
---------------------------------------------------------------------------------
---------------------------------------------------------------------------------
Start Flattening Before IO Insertion
---------------------------------------------------------------------------------
---------------------------------------------------------------------------------
Finished Flattening Before IO Insertion
---------------------------------------------------------------------------------
---------------------------------------------------------------------------------
Start Final Netlist Cleanup
---------------------------------------------------------------------------------
---------------------------------------------------------------------------------
Finished Final Netlist Cleanup
---------------------------------------------------------------------------------
---------------------------------------------------------------------------------
Finished IO Insertion : Time (s): cpu = 00:00:37 ; elapsed = 00:00:40 . Memory (MB): peak = 1293.602 ; gain = 529.230 ; free physical = 2061 ; free virtual = 12872
---------------------------------------------------------------------------------

Report Check Netlist: 
+------+------------------+-------+---------+-------+------------------+
|      |Item              |Errors |Warnings |Status |Description       |
+------+------------------+-------+---------+-------+------------------+
|1     |multi_driven_nets |      0|        0|Passed |Multi driven nets |
+------+------------------+-------+---------+-------+------------------+
---------------------------------------------------------------------------------
Start Renaming Generated Instances
---------------------------------------------------------------------------------
---------------------------------------------------------------------------------
Finished Renaming Generated Instances : Time (s): cpu = 00:00:37 ; elapsed = 00:00:40 . Memory (MB): peak = 1293.602 ; gain = 529.230 ; free physical = 2061 ; free virtual = 12872
---------------------------------------------------------------------------------

Report RTL Partitions: 
+-+--------------+------------+----------+
| |RTL Partition |Replication |Instances |
+-+--------------+------------+----------+
+-+--------------+------------+----------+
---------------------------------------------------------------------------------
Start Rebuilding User Hierarchy
---------------------------------------------------------------------------------
---------------------------------------------------------------------------------
Finished Rebuilding User Hierarchy : Time (s): cpu = 00:00:37 ; elapsed = 00:00:41 . Memory (MB): peak = 1293.602 ; gain = 529.230 ; free physical = 2061 ; free virtual = 12872
---------------------------------------------------------------------------------
---------------------------------------------------------------------------------
Start RAM, DSP and Shift Register Reporting
---------------------------------------------------------------------------------
---------------------------------------------------------------------------------
Finished RAM, DSP and Shift Register Reporting
---------------------------------------------------------------------------------
---------------------------------------------------------------------------------
Start Writing Synthesis Report
---------------------------------------------------------------------------------

Report BlackBoxes: 
+------+--------------+----------+
|      |BlackBox name |Instances |
+------+--------------+----------+
|1     |video_bram    |         1|
+------+--------------+----------+

Report Cell Usage: 
+------+-----------+------+
|      |Cell       |Count |
+------+-----------+------+
|1     |video_bram |     1|
|2     |BUFG       |     3|
|3     |CARRY4     |    24|
|4     |DSP48E1    |     1|
|5     |DSP48E1_1  |     1|
|6     |INV        |     4|
|7     |LUT1       |   100|
|8     |LUT2       |    25|
|9     |LUT3       |    58|
|10    |LUT4       |    54|
|11    |LUT5       |    46|
|12    |LUT6       |    85|
|13    |RAMB18E1   |     1|
|14    |FDRE       |   268|
|15    |FDSE       |     7|
|16    |IBUF       |    13|
|17    |OBUF       |    32|
|18    |OBUFT      |    23|
+------+-----------+------+

Report Instance Areas: 
+------+----------------+----------------------+------+
|      |Instance        |Module                |Cells |
+------+----------------+----------------------+------+
|1     |top             |                      |   761|
|2     |  camera_read_1 |camera_read           |    32|
|3     |  clockgen      |clock_quarter_divider |     4|
|4     |  configure     |camera_configure      |   339|
|5     |    SCCB1       |SCCB_interface        |   186|
|6     |    config_1    |OV7670_config         |   138|
|7     |    rom1        |OV7670_config_rom     |    15|
|8     |  display       |display_8hex          |    90|
|9     |  vga1          |vga                   |   105|
+------+----------------+----------------------+------+
---------------------------------------------------------------------------------
Finished Writing Synthesis Report : Time (s): cpu = 00:00:37 ; elapsed = 00:00:41 . Memory (MB): peak = 1293.602 ; gain = 529.230 ; free physical = 2061 ; free virtual = 12872
---------------------------------------------------------------------------------
Synthesis finished with 0 errors, 0 critical warnings and 73 warnings.
Synthesis Optimization Runtime : Time (s): cpu = 00:00:30 ; elapsed = 00:00:31 . Memory (MB): peak = 1293.602 ; gain = 103.250 ; free physical = 2061 ; free virtual = 12872
Synthesis Optimization Complete : Time (s): cpu = 00:00:37 ; elapsed = 00:00:41 . Memory (MB): peak = 1293.602 ; gain = 529.230 ; free physical = 2061 ; free virtual = 12872
INFO: [Project 1-571] Translating synthesized netlist
WARNING: [Netlist 29-345] The value of SIM_DEVICE on instance 'configure/rom1/dout_reg' of type 'RAMB18E1' is 'VIRTEX6'; it is being changed to match the current FPGA architecture, '7SERIES'. For functional simulation to match hardware behavior, the value of SIM_DEVICE should be changed in the source netlist or constraint file.
INFO: [Netlist 29-17] Analyzing 40 Unisim elements for replacement
INFO: [Netlist 29-28] Unisim Transformation completed in 0 CPU seconds
INFO: [Project 1-570] Preparing netlist for logic optimization
INFO: [Opt 31-140] Inserted 0 IBUFs to IO ports without IO buffers.
INFO: [Opt 31-141] Inserted 0 OBUFs to IO ports without IO buffers.
INFO: [Opt 31-138] Pushed 0 inverter(s) to 0 load pin(s).
INFO: [Project 1-111] Unisim Transformation Summary:
  A total of 4 instances were transformed.
  INV => LUT1: 4 instances

INFO: [Common 17-83] Releasing license: Synthesis
41 Infos, 126 Warnings, 0 Critical Warnings and 0 Errors encountered.
synth_design completed successfully
synth_design: Time (s): cpu = 00:00:37 ; elapsed = 00:00:39 . Memory (MB): peak = 1293.605 ; gain = 429.492 ; free physical = 2060 ; free virtual = 12871
# write_checkpoint -noxdef labkit.dcp
# catch { report_utilization -file labkit_utilization_synth.rpt -pb labkit_utilization_synth.pb }
report_utilization: Time (s): cpu = 00:00:00.17 ; elapsed = 00:00:00.25 . Memory (MB): peak = 1293.605 ; gain = 0.000 ; free physical = 2059 ; free virtual = 12870
INFO: [Common 17-206] Exiting Vivado at Sun Nov 22 17:56:55 2015...
