Copyright 1986-2014 Xilinx, Inc. All Rights Reserved.
----------------------------------------------------------------------------------------------------------------------------------------------------------
| Tool Version      : Vivado v.2014.4.1 (lin64) Build 1149489 Thu Feb 19 16:01:47 MST 2015
| Date              : Sun Nov 29 22:11:50 2015
| Host              : eecs-digital-24 running 64-bit Ubuntu 12.04.5 LTS
| Command           : report_timing_summary -warn_on_violation -max_paths 10 -file labkit_timing_summary_routed.rpt -rpx labkit_timing_summary_routed.rpx
| Design            : labkit
| Device            : 7a100t-csg324
| Speed File        : -3  PRODUCTION 1.14 2014-09-11
| Temperature Grade : C
----------------------------------------------------------------------------------------------------------------------------------------------------------

Timing Summary Report

------------------------------------------------------------------------------------------------
| Timer Settings
| --------------
------------------------------------------------------------------------------------------------

  Enable Multi Corner Analysis               :  Yes
  Enable Pessimism Removal                   :  Yes
  Pessimism Removal Resolution               :  Nearest Common Node
  Enable Input Delay Default Clock           :  No
  Enable Preset / Clear Arcs                 :  No
  Disable Flight Delays                      :  No

  Corner  Analyze    Analyze    
  Name    Max Paths  Min Paths  
  ------  ---------  ---------  
  Slow    Yes        Yes        
  Fast    Yes        Yes        



check_timing report

Table of Contents
-----------------
1. checking no_clock
2. checking constant_clock
3. checking pulse_width_clock
4. checking unconstrained_internal_endpoints
5. checking no_input_delay
6. checking no_output_delay
7. checking multiple_clock
8. checking generated_clocks
9. checking loops
10. checking partial_input_delay
11. checking partial_output_delay
12. checking unexpandable_clocks
13. checking latch_loops

1. checking no_clock
--------------------
 There are 66 register/latch pins with no clock driven by root clock pin: JB[7] (HIGH)

 There are 337 register/latch pins with no clock driven by root clock pin: clockgen/clock_25mhz_reg/C (HIGH)

 There are 31 register/latch pins with no clock (HIGH)


2. checking constant_clock
--------------------------
 There are 0 register/latch pins with constant_clock.


3. checking pulse_width_clock
-----------------------------
 There are 0 register/latch pins which need pulse_width check


4. checking unconstrained_internal_endpoints
--------------------------------------------
 There are 2067 pins that are not constrained for maximum delay. (HIGH)

 There are 0 pins that are not constrained for maximum delay due to constant clock.


5. checking no_input_delay
--------------------------
 There are 12 input ports with no input delay specified. (HIGH)

 There are 0 input ports with no input delay but user has a false path constraint.


6. checking no_output_delay
---------------------------
 There are 38 ports with no output delay specified. (HIGH)

 There are 0 ports with no output delay but user has a false path constraint

 There are 0 ports with no output delay but with a timing clock defined on it or propagating through it


7. checking multiple_clock
--------------------------
 There are 0 register/latch pins with multiple clocks.


8. checking generated_clocks
----------------------------
 There are 0 generated clocks that are not connected to a clock source.


9. checking loops
-----------------
 There are 0 combinational loops in the design.


10. checking partial_input_delay
--------------------------------
 There are 0 input ports with partial input delay specified.


11. checking partial_output_delay
---------------------------------
 There are 0 ports with partial output delay specified.


12. checking unexpandable_clocks
--------------------------------
 There are 0 unexpandable clock pairs.


13. checking latch_loops
------------------------
 There are 0 combinational latch loops in the design through latch input



------------------------------------------------------------------------------------------------
| Design Timing Summary
| ---------------------
------------------------------------------------------------------------------------------------

    WNS(ns)      TNS(ns)  TNS Failing Endpoints  TNS Total Endpoints      WHS(ns)      THS(ns)  THS Failing Endpoints  THS Total Endpoints     WPWS(ns)     TPWS(ns)  TPWS Failing Endpoints  TPWS Total Endpoints  
    -------      -------  ---------------------  -------------------      -------      -------  ---------------------  -------------------     --------     --------  ----------------------  --------------------  
      8.860        0.000                      0                    2        0.266        0.000                      0                    2        4.500        0.000                       0                     3  


All user specified timing constraints are met.


------------------------------------------------------------------------------------------------
| Clock Summary
| -------------
------------------------------------------------------------------------------------------------

Clock        Waveform(ns)       Period(ns)      Frequency(MHz)
-----        ------------       ----------      --------------
sys_clk_pin  {0.000 5.000}      10.000          100.000         


------------------------------------------------------------------------------------------------
| Intra Clock Table
| -----------------
------------------------------------------------------------------------------------------------

Clock             WNS(ns)      TNS(ns)  TNS Failing Endpoints  TNS Total Endpoints      WHS(ns)      THS(ns)  THS Failing Endpoints  THS Total Endpoints     WPWS(ns)     TPWS(ns)  TPWS Failing Endpoints  TPWS Total Endpoints  
-----             -------      -------  ---------------------  -------------------      -------      -------  ---------------------  -------------------     --------     --------  ----------------------  --------------------  
sys_clk_pin         8.860        0.000                      0                    2        0.266        0.000                      0                    2        4.500        0.000                       0                     3  


------------------------------------------------------------------------------------------------
| Inter Clock Table
| -----------------
------------------------------------------------------------------------------------------------

From Clock    To Clock          WNS(ns)      TNS(ns)  TNS Failing Endpoints  TNS Total Endpoints      WHS(ns)      THS(ns)  THS Failing Endpoints  THS Total Endpoints  
----------    --------          -------      -------  ---------------------  -------------------      -------      -------  ---------------------  -------------------  


------------------------------------------------------------------------------------------------
| Other Path Groups Table
| -----------------------
------------------------------------------------------------------------------------------------

Path Group    From Clock    To Clock          WNS(ns)      TNS(ns)  TNS Failing Endpoints  TNS Total Endpoints      WHS(ns)      THS(ns)  THS Failing Endpoints  THS Total Endpoints  
----------    ----------    --------          -------      -------  ---------------------  -------------------      -------      -------  ---------------------  -------------------  


------------------------------------------------------------------------------------------------
| Timing Details
| --------------
------------------------------------------------------------------------------------------------


---------------------------------------------------------------------------------------------------
From Clock:  sys_clk_pin
  To Clock:  sys_clk_pin

Setup :            0  Failing Endpoints,  Worst Slack        8.860ns,  Total Violation        0.000ns
Hold  :            0  Failing Endpoints,  Worst Slack        0.266ns,  Total Violation        0.000ns
PW    :            0  Failing Endpoints,  Worst Slack        4.500ns,  Total Violation        0.000ns
---------------------------------------------------------------------------------------------------


Max Delay Paths
--------------------------------------------------------------------------------------
Slack (MET) :             8.860ns  (required time - arrival time)
  Source:                 clockgen/counter_reg/C
                            (rising edge-triggered cell FDRE clocked by sys_clk_pin  {rise@0.000ns fall@5.000ns period=10.000ns})
  Destination:            clockgen/clock_25mhz_reg/D
                            (rising edge-triggered cell FDRE clocked by sys_clk_pin  {rise@0.000ns fall@5.000ns period=10.000ns})
  Path Group:             sys_clk_pin
  Path Type:              Setup (Max at Slow Process Corner)
  Requirement:            10.000ns  (sys_clk_pin rise@10.000ns - sys_clk_pin rise@0.000ns)
  Data Path Delay:        1.134ns  (logic 0.528ns (46.542%)  route 0.606ns (53.458%))
  Logic Levels:           1  (LUT2=1)
  Clock Path Skew:        0.000ns (DCD - SCD + CPR)
    Destination Clock Delay (DCD):    3.728ns = ( 13.728 - 10.000 ) 
    Source Clock Delay      (SCD):    3.978ns
    Clock Pessimism Removal (CPR):    0.250ns
  Clock Uncertainty:      0.035ns  ((TSJ^2 + TIJ^2)^1/2 + DJ) / 2 + PE
    Total System Jitter     (TSJ):    0.071ns
    Total Input Jitter      (TIJ):    0.000ns
    Discrete Jitter          (DJ):    0.000ns
    Phase Error              (PE):    0.000ns

    Location             Delay type                Incr(ns)  Path(ns)    Netlist Resource(s)
  -------------------------------------------------------------------    -------------------
                         (clock sys_clk_pin rise edge)
                                                      0.000     0.000 r  
    E3                                                0.000     0.000 r  CLK100MHZ
                         net (fo=0)                   0.000     0.000    CLK100MHZ
    E3                   IBUF (Prop_ibuf_I_O)         1.330     1.330 r  CLK100MHZ_IBUF_inst/O
                         net (fo=1, routed)           1.329     2.659    CLK100MHZ_IBUF
    BUFGCTRL_X0Y17       BUFG (Prop_bufg_I_O)         0.076     2.735 r  CLK100MHZ_IBUF_BUFG_inst/O
                         net (fo=2, routed)           1.242     3.978    clockgen/CLK100MHZ_IBUF_BUFG
    SLICE_X52Y96                                                      r  clockgen/counter_reg/C
  -------------------------------------------------------------------    -------------------
    SLICE_X52Y96         FDRE (Prop_fdre_C_Q)         0.313     4.291 r  clockgen/counter_reg/Q
                         net (fo=2, routed)           0.606     4.897    clockgen/counter
    SLICE_X52Y96         LUT2 (Prop_lut2_I0_O)        0.215     5.112 r  clockgen/clock_25mhz_i_1/O
                         net (fo=1, routed)           0.000     5.112    clockgen/n_2_clock_25mhz_i_1
    SLICE_X52Y96         FDRE                                         r  clockgen/clock_25mhz_reg/D
  -------------------------------------------------------------------    -------------------

                         (clock sys_clk_pin rise edge)
                                                     10.000    10.000 r  
    E3                                                0.000    10.000 r  CLK100MHZ
                         net (fo=0)                   0.000    10.000    CLK100MHZ
    E3                   IBUF (Prop_ibuf_I_O)         1.263    11.263 r  CLK100MHZ_IBUF_inst/O
                         net (fo=1, routed)           1.255    12.518    CLK100MHZ_IBUF
    BUFGCTRL_X0Y17       BUFG (Prop_bufg_I_O)         0.072    12.590 r  CLK100MHZ_IBUF_BUFG_inst/O
                         net (fo=2, routed)           1.138    13.728    clockgen/CLK100MHZ_IBUF_BUFG
    SLICE_X52Y96                                                      r  clockgen/clock_25mhz_reg/C
                         clock pessimism              0.250    13.978    
                         clock uncertainty           -0.035    13.942    
    SLICE_X52Y96         FDRE (Setup_fdre_C_D)        0.030    13.972    clockgen/clock_25mhz_reg
  -------------------------------------------------------------------
                         required time                         13.972    
                         arrival time                          -5.112    
  -------------------------------------------------------------------
                         slack                                  8.860    

Slack (MET) :             8.894ns  (required time - arrival time)
  Source:                 clockgen/counter_reg/C
                            (rising edge-triggered cell FDRE clocked by sys_clk_pin  {rise@0.000ns fall@5.000ns period=10.000ns})
  Destination:            clockgen/counter_reg/D
                            (rising edge-triggered cell FDRE clocked by sys_clk_pin  {rise@0.000ns fall@5.000ns period=10.000ns})
  Path Group:             sys_clk_pin
  Path Type:              Setup (Max at Slow Process Corner)
  Requirement:            10.000ns  (sys_clk_pin rise@10.000ns - sys_clk_pin rise@0.000ns)
  Data Path Delay:        1.134ns  (logic 0.528ns (46.542%)  route 0.606ns (53.458%))
  Logic Levels:           1  (LUT1=1)
  Clock Path Skew:        0.000ns (DCD - SCD + CPR)
    Destination Clock Delay (DCD):    3.728ns = ( 13.728 - 10.000 ) 
    Source Clock Delay      (SCD):    3.978ns
    Clock Pessimism Removal (CPR):    0.250ns
  Clock Uncertainty:      0.035ns  ((TSJ^2 + TIJ^2)^1/2 + DJ) / 2 + PE
    Total System Jitter     (TSJ):    0.071ns
    Total Input Jitter      (TIJ):    0.000ns
    Discrete Jitter          (DJ):    0.000ns
    Phase Error              (PE):    0.000ns

    Location             Delay type                Incr(ns)  Path(ns)    Netlist Resource(s)
  -------------------------------------------------------------------    -------------------
                         (clock sys_clk_pin rise edge)
                                                      0.000     0.000 r  
    E3                                                0.000     0.000 r  CLK100MHZ
                         net (fo=0)                   0.000     0.000    CLK100MHZ
    E3                   IBUF (Prop_ibuf_I_O)         1.330     1.330 r  CLK100MHZ_IBUF_inst/O
                         net (fo=1, routed)           1.329     2.659    CLK100MHZ_IBUF
    BUFGCTRL_X0Y17       BUFG (Prop_bufg_I_O)         0.076     2.735 r  CLK100MHZ_IBUF_BUFG_inst/O
                         net (fo=2, routed)           1.242     3.978    clockgen/CLK100MHZ_IBUF_BUFG
    SLICE_X52Y96                                                      r  clockgen/counter_reg/C
  -------------------------------------------------------------------    -------------------
    SLICE_X52Y96         FDRE (Prop_fdre_C_Q)         0.313     4.291 f  clockgen/counter_reg/Q
                         net (fo=2, routed)           0.606     4.897    clockgen/counter
    SLICE_X52Y96         LUT1 (Prop_lut1_I0_O)        0.215     5.112 r  clockgen/counter_i_1/O
                         net (fo=1, routed)           0.000     5.112    clockgen/n_2_counter_i_1
    SLICE_X52Y96         FDRE                                         r  clockgen/counter_reg/D
  -------------------------------------------------------------------    -------------------

                         (clock sys_clk_pin rise edge)
                                                     10.000    10.000 r  
    E3                                                0.000    10.000 r  CLK100MHZ
                         net (fo=0)                   0.000    10.000    CLK100MHZ
    E3                   IBUF (Prop_ibuf_I_O)         1.263    11.263 r  CLK100MHZ_IBUF_inst/O
                         net (fo=1, routed)           1.255    12.518    CLK100MHZ_IBUF
    BUFGCTRL_X0Y17       BUFG (Prop_bufg_I_O)         0.072    12.590 r  CLK100MHZ_IBUF_BUFG_inst/O
                         net (fo=2, routed)           1.138    13.728    clockgen/CLK100MHZ_IBUF_BUFG
    SLICE_X52Y96                                                      r  clockgen/counter_reg/C
                         clock pessimism              0.250    13.978    
                         clock uncertainty           -0.035    13.942    
    SLICE_X52Y96         FDRE (Setup_fdre_C_D)        0.064    14.006    clockgen/counter_reg
  -------------------------------------------------------------------
                         required time                         14.006    
                         arrival time                          -5.112    
  -------------------------------------------------------------------
                         slack                                  8.894    





Min Delay Paths
--------------------------------------------------------------------------------------
Slack (MET) :             0.266ns  (arrival time - required time)
  Source:                 clockgen/clock_25mhz_reg/C
                            (rising edge-triggered cell FDRE clocked by sys_clk_pin  {rise@0.000ns fall@5.000ns period=10.000ns})
  Destination:            clockgen/clock_25mhz_reg/D
                            (rising edge-triggered cell FDRE clocked by sys_clk_pin  {rise@0.000ns fall@5.000ns period=10.000ns})
  Path Group:             sys_clk_pin
  Path Type:              Hold (Min at Fast Process Corner)
  Requirement:            0.000ns  (sys_clk_pin rise@0.000ns - sys_clk_pin rise@0.000ns)
  Data Path Delay:        0.357ns  (logic 0.186ns (52.048%)  route 0.171ns (47.952%))
  Logic Levels:           1  (LUT2=1)
  Clock Path Skew:        0.000ns (DCD - SCD - CPR)
    Destination Clock Delay (DCD):    1.903ns
    Source Clock Delay      (SCD):    1.397ns
    Clock Pessimism Removal (CPR):    0.505ns

    Location             Delay type                Incr(ns)  Path(ns)    Netlist Resource(s)
  -------------------------------------------------------------------    -------------------
                         (clock sys_clk_pin rise edge)
                                                      0.000     0.000 r  
    E3                                                0.000     0.000 r  CLK100MHZ
                         net (fo=0)                   0.000     0.000    CLK100MHZ
    E3                   IBUF (Prop_ibuf_I_O)         0.250     0.250 r  CLK100MHZ_IBUF_inst/O
                         net (fo=1, routed)           0.558     0.808    CLK100MHZ_IBUF
    BUFGCTRL_X0Y17       BUFG (Prop_bufg_I_O)         0.026     0.834 r  CLK100MHZ_IBUF_BUFG_inst/O
                         net (fo=2, routed)           0.564     1.397    clockgen/CLK100MHZ_IBUF_BUFG
    SLICE_X52Y96                                                      r  clockgen/clock_25mhz_reg/C
  -------------------------------------------------------------------    -------------------
    SLICE_X52Y96         FDRE (Prop_fdre_C_Q)         0.141     1.538 r  clockgen/clock_25mhz_reg/Q
                         net (fo=2, routed)           0.171     1.710    clockgen/JB_IBUF[6]
    SLICE_X52Y96         LUT2 (Prop_lut2_I1_O)        0.045     1.755 r  clockgen/clock_25mhz_i_1/O
                         net (fo=1, routed)           0.000     1.755    clockgen/n_2_clock_25mhz_i_1
    SLICE_X52Y96         FDRE                                         r  clockgen/clock_25mhz_reg/D
  -------------------------------------------------------------------    -------------------

                         (clock sys_clk_pin rise edge)
                                                      0.000     0.000 r  
    E3                                                0.000     0.000 r  CLK100MHZ
                         net (fo=0)                   0.000     0.000    CLK100MHZ
    E3                   IBUF (Prop_ibuf_I_O)         0.438     0.438 r  CLK100MHZ_IBUF_inst/O
                         net (fo=1, routed)           0.603     1.040    CLK100MHZ_IBUF
    BUFGCTRL_X0Y17       BUFG (Prop_bufg_I_O)         0.029     1.069 r  CLK100MHZ_IBUF_BUFG_inst/O
                         net (fo=2, routed)           0.834     1.903    clockgen/CLK100MHZ_IBUF_BUFG
    SLICE_X52Y96                                                      r  clockgen/clock_25mhz_reg/C
                         clock pessimism             -0.505     1.397    
    SLICE_X52Y96         FDRE (Hold_fdre_C_D)         0.091     1.488    clockgen/clock_25mhz_reg
  -------------------------------------------------------------------
                         required time                         -1.488    
                         arrival time                           1.755    
  -------------------------------------------------------------------
                         slack                                  0.266    

Slack (MET) :             0.395ns  (arrival time - required time)
  Source:                 clockgen/counter_reg/C
                            (rising edge-triggered cell FDRE clocked by sys_clk_pin  {rise@0.000ns fall@5.000ns period=10.000ns})
  Destination:            clockgen/counter_reg/D
                            (rising edge-triggered cell FDRE clocked by sys_clk_pin  {rise@0.000ns fall@5.000ns period=10.000ns})
  Path Group:             sys_clk_pin
  Path Type:              Hold (Min at Fast Process Corner)
  Requirement:            0.000ns  (sys_clk_pin rise@0.000ns - sys_clk_pin rise@0.000ns)
  Data Path Delay:        0.502ns  (logic 0.226ns (44.980%)  route 0.276ns (55.020%))
  Logic Levels:           1  (LUT1=1)
  Clock Path Skew:        0.000ns (DCD - SCD - CPR)
    Destination Clock Delay (DCD):    1.903ns
    Source Clock Delay      (SCD):    1.397ns
    Clock Pessimism Removal (CPR):    0.505ns

    Location             Delay type                Incr(ns)  Path(ns)    Netlist Resource(s)
  -------------------------------------------------------------------    -------------------
                         (clock sys_clk_pin rise edge)
                                                      0.000     0.000 r  
    E3                                                0.000     0.000 r  CLK100MHZ
                         net (fo=0)                   0.000     0.000    CLK100MHZ
    E3                   IBUF (Prop_ibuf_I_O)         0.250     0.250 r  CLK100MHZ_IBUF_inst/O
                         net (fo=1, routed)           0.558     0.808    CLK100MHZ_IBUF
    BUFGCTRL_X0Y17       BUFG (Prop_bufg_I_O)         0.026     0.834 r  CLK100MHZ_IBUF_BUFG_inst/O
                         net (fo=2, routed)           0.564     1.397    clockgen/CLK100MHZ_IBUF_BUFG
    SLICE_X52Y96                                                      r  clockgen/counter_reg/C
  -------------------------------------------------------------------    -------------------
    SLICE_X52Y96         FDRE (Prop_fdre_C_Q)         0.128     1.525 f  clockgen/counter_reg/Q
                         net (fo=2, routed)           0.276     1.802    clockgen/counter
    SLICE_X52Y96         LUT1 (Prop_lut1_I0_O)        0.098     1.900 r  clockgen/counter_i_1/O
                         net (fo=1, routed)           0.000     1.900    clockgen/n_2_counter_i_1
    SLICE_X52Y96         FDRE                                         r  clockgen/counter_reg/D
  -------------------------------------------------------------------    -------------------

                         (clock sys_clk_pin rise edge)
                                                      0.000     0.000 r  
    E3                                                0.000     0.000 r  CLK100MHZ
                         net (fo=0)                   0.000     0.000    CLK100MHZ
    E3                   IBUF (Prop_ibuf_I_O)         0.438     0.438 r  CLK100MHZ_IBUF_inst/O
                         net (fo=1, routed)           0.603     1.040    CLK100MHZ_IBUF
    BUFGCTRL_X0Y17       BUFG (Prop_bufg_I_O)         0.029     1.069 r  CLK100MHZ_IBUF_BUFG_inst/O
                         net (fo=2, routed)           0.834     1.903    clockgen/CLK100MHZ_IBUF_BUFG
    SLICE_X52Y96                                                      r  clockgen/counter_reg/C
                         clock pessimism             -0.505     1.397    
    SLICE_X52Y96         FDRE (Hold_fdre_C_D)         0.107     1.504    clockgen/counter_reg
  -------------------------------------------------------------------
                         required time                         -1.504    
                         arrival time                           1.900    
  -------------------------------------------------------------------
                         slack                                  0.395    





Pulse Width Checks
--------------------------------------------------------------------------------------
Clock Name:         sys_clk_pin
Waveform:           { 0 5 }
Period:             10.000
Sources:            { CLK100MHZ }

Check Type        Corner  Lib Pin  Reference Pin  Required  Actual  Slack  Location        Pin                         
Min Period        n/a     BUFG/I   n/a            1.592     10.000  8.408  BUFGCTRL_X0Y17  CLK100MHZ_IBUF_BUFG_inst/I  
Min Period        n/a     FDRE/C   n/a            1.000     10.000  9.000  SLICE_X52Y96    clockgen/clock_25mhz_reg/C  
Min Period        n/a     FDRE/C   n/a            1.000     10.000  9.000  SLICE_X52Y96    clockgen/counter_reg/C      
Low Pulse Width   Slow    FDRE/C   n/a            0.500     5.000   4.500  SLICE_X52Y96    clockgen/clock_25mhz_reg/C  
Low Pulse Width   Slow    FDRE/C   n/a            0.500     5.000   4.500  SLICE_X52Y96    clockgen/counter_reg/C      
Low Pulse Width   Fast    FDRE/C   n/a            0.500     5.000   4.500  SLICE_X52Y96    clockgen/clock_25mhz_reg/C  
Low Pulse Width   Fast    FDRE/C   n/a            0.500     5.000   4.500  SLICE_X52Y96    clockgen/counter_reg/C      
High Pulse Width  Slow    FDRE/C   n/a            0.500     5.000   4.500  SLICE_X52Y96    clockgen/clock_25mhz_reg/C  
High Pulse Width  Slow    FDRE/C   n/a            0.500     5.000   4.500  SLICE_X52Y96    clockgen/counter_reg/C      
High Pulse Width  Fast    FDRE/C   n/a            0.500     5.000   4.500  SLICE_X52Y96    clockgen/clock_25mhz_reg/C  
High Pulse Width  Fast    FDRE/C   n/a            0.500     5.000   4.500  SLICE_X52Y96    clockgen/counter_reg/C      



