Copyright 1986-2014 Xilinx, Inc. All Rights Reserved.
-----------------------------------------------------------------------------------------------------------
| Tool Version     : Vivado v.2014.4.1 (lin64) Build 1149489 Thu Feb 19 16:01:47 MST 2015
| Date             : Sat Dec  5 12:48:21 2015
| Host             : eecs-digital-24 running 64-bit Ubuntu 12.04.5 LTS
| Command          : report_power -file labkit_power_routed.rpt -pb labkit_power_summary_routed.pb
| Design           : labkit
| Device           : xc7a100tcsg324-3
| Design State     : Routed
| Grade            : extended
| Process          : typical
| Characterization : Production
-----------------------------------------------------------------------------------------------------------

Power Report

Table of Contents
-----------------
1. Summary
1.1 On-Chip Components
1.2 Power Supply Summary
1.3 Confidence Level
2. Settings
2.1 Environment
2.2 Clock Constraints
3. Detailed Reports
3.1 By Hierarchy

1. Summary
----------

+--------------------------+-------+
| Total On-Chip Power (W)  | 0.256 |
| Dynamic (W)              | 0.158 |
| Device Static (W)        | 0.099 |
| Effective TJA (C/W)      | 4.6   |
| Max Ambient (C)          | 98.8  |
| Junction Temperature (C) | 26.2  |
| Confidence Level         | Low   |
| Setting File             | ---   |
| Simulation Activity File | ---   |
| Design Nets Matched      | NA    |
+--------------------------+-------+


1.1 On-Chip Components
----------------------

+-------------------------+-----------+----------+-----------+-----------------+
| On-Chip                 | Power (W) | Used     | Available | Utilization (%) |
+-------------------------+-----------+----------+-----------+-----------------+
| Clocks                  |     0.002 |        6 |       --- |             --- |
| Slice Logic             |     0.004 |     1939 |       --- |             --- |
|   LUT as Logic          |     0.003 |      866 |     63400 |            1.36 |
|   CARRY4                |    <0.001 |      106 |     15850 |            0.66 |
|   Register              |    <0.001 |      537 |    126800 |            0.42 |
|   LUT as Shift Register |    <0.001 |        8 |     19000 |            0.04 |
|   BUFG                  |    <0.001 |        3 |        32 |            9.37 |
|   F7/F8 Muxes           |    <0.001 |       20 |     63400 |            0.03 |
|   Others                |     0.000 |      140 |       --- |             --- |
| Signals                 |     0.004 |     1461 |       --- |             --- |
| Block RAM               |     0.009 |     36.5 |       135 |           27.03 |
| MMCM                    |     0.122 |        1 |         6 |           16.66 |
| DSPs                    |    <0.001 |        2 |       240 |            0.83 |
| I/O                     |     0.017 |       53 |       210 |           25.23 |
| Static Power            |     0.099 |          |           |                 |
| Total                   |     0.256 |          |           |                 |
+-------------------------+-----------+----------+-----------+-----------------+


1.2 Power Supply Summary
------------------------

+-----------+-------------+-----------+-------------+------------+
| Source    | Voltage (V) | Total (A) | Dynamic (A) | Static (A) |
+-----------+-------------+-----------+-------------+------------+
| Vccint    |       1.000 |     0.035 |       0.019 |      0.016 |
| Vccaux    |       1.800 |     0.086 |       0.068 |      0.018 |
| Vcco33    |       3.300 |     0.009 |       0.005 |      0.004 |
| Vcco25    |       2.500 |     0.000 |       0.000 |      0.000 |
| Vcco18    |       1.800 |     0.000 |       0.000 |      0.000 |
| Vcco15    |       1.500 |     0.000 |       0.000 |      0.000 |
| Vcco135   |       1.350 |     0.000 |       0.000 |      0.000 |
| Vcco12    |       1.200 |     0.000 |       0.000 |      0.000 |
| Vccaux_io |       1.800 |     0.000 |       0.000 |      0.000 |
| Vccbram   |       1.000 |     0.002 |       0.001 |      0.001 |
| MGTAVcc   |       1.000 |     0.000 |       0.000 |      0.000 |
| MGTAVtt   |       1.200 |     0.000 |       0.000 |      0.000 |
| Vccadc    |       1.800 |     0.020 |       0.000 |      0.020 |
+-----------+-------------+-----------+-------------+------------+


1.3 Confidence Level
--------------------

+-----------------------------+------------+--------------------------------------------------------+--------------------------------------------------------------------------------------------------------------------+
| User Input Data             | Confidence | Details                                                | Action                                                                                                             |
+-----------------------------+------------+--------------------------------------------------------+--------------------------------------------------------------------------------------------------------------------+
| Design implementation state | High       | Design is routed                                       |                                                                                                                    |
| Clock nodes activity        | Low        | User specified less than 75% of clocks                 | Provide missing clock activity with a constraint file, simulation results or by editing the "By Clock Domain" view |
| I/O nodes activity          | Low        | More than 75% of inputs are missing user specification | Provide missing input activity with simulation results or by editing the "By Resource Type -> I/Os" view           |
| Internal nodes activity     | Medium     | User specified less than 25% of internal nodes         | Provide missing internal nodes activity with simulation results or by editing the "By Resource Type" views         |
| Device models               | High       | Device models are Production                           |                                                                                                                    |
|                             |            |                                                        |                                                                                                                    |
| Overall confidence level    | Low        |                                                        |                                                                                                                    |
+-----------------------------+------------+--------------------------------------------------------+--------------------------------------------------------------------------------------------------------------------+


2. Settings
-----------

2.1 Environment
---------------

+-----------------------+--------------------------+
| Ambient Temp (C)      | 25.0                     |
| ThetaJA (C/W)         | 4.6                      |
| Airflow (LFM)         | 250                      |
| Heat Sink             | medium (Medium Profile)  |
| ThetaSA (C/W)         | 4.6                      |
| Board Selection       | medium (10"x10")         |
| # of Board Layers     | 12to15 (12 to 15 Layers) |
| Board Temperature (C) | 25.0                     |
+-----------------------+--------------------------+


2.2 Clock Constraints
---------------------

+---------------------+-----------------------------------+-----------------+
| Clock               | Domain                            | Constraint (ns) |
+---------------------+-----------------------------------+-----------------+
| clk_65mhz_clk_wiz_0 | pixelclk/inst/clk_65mhz_clk_wiz_0 |            15.4 |
| clkfbout_clk_wiz_0  | pixelclk/inst/clkfbout_clk_wiz_0  |            50.0 |
| sys_clk_pin         | CLK100MHZ                         |            10.0 |
| sys_clk_pin         | CLK100MHZ_BUFG                    |            10.0 |
+---------------------+-----------------------------------+-----------------+


3. Detailed Reports
-------------------

3.1 By Hierarchy
----------------

+---------------------------------------+-----------+
| Name                                  | Power (W) |
+---------------------------------------+-----------+
| labkit                                |     0.158 |
|   a                                   |    <0.001 |
|     divider                           |    <0.001 |
|   calc                                |    <0.001 |
|     divider                           |    <0.001 |
|   camera_read_1                       |    <0.001 |
|   clockgen                            |    <0.001 |
|   configure                           |     0.001 |
|     SCCB1                             |    <0.001 |
|     config_1                          |    <0.001 |
|     rom1                              |    <0.001 |
|   control                             |    <0.001 |
|   display                             |    <0.001 |
|   g                                   |    <0.001 |
|   motion_type                         |    <0.001 |
|   mybram                              |     0.010 |
|     U0                                |     0.010 |
|       inst_blk_mem_gen                |     0.010 |
|         gnativebmg.native_blk_mem_gen |     0.010 |
|           valid.cstr                  |     0.010 |
|             has_mux_b.B               |    <0.001 |
|             ramloop[0].ram.r          |     0.001 |
|               prim_noinit.ram         |     0.001 |
|             ramloop[10].ram.r         |    <0.001 |
|               prim_noinit.ram         |    <0.001 |
|             ramloop[11].ram.r         |     0.001 |
|               prim_noinit.ram         |     0.001 |
|             ramloop[12].ram.r         |    <0.001 |
|               prim_noinit.ram         |    <0.001 |
|             ramloop[13].ram.r         |    <0.001 |
|               prim_noinit.ram         |    <0.001 |
|             ramloop[14].ram.r         |    <0.001 |
|               prim_noinit.ram         |    <0.001 |
|             ramloop[15].ram.r         |    <0.001 |
|               prim_noinit.ram         |    <0.001 |
|             ramloop[16].ram.r         |    <0.001 |
|               prim_noinit.ram         |    <0.001 |
|             ramloop[17].ram.r         |    <0.001 |
|               prim_noinit.ram         |    <0.001 |
|             ramloop[18].ram.r         |    <0.001 |
|               prim_noinit.ram         |    <0.001 |
|             ramloop[19].ram.r         |    <0.001 |
|               prim_noinit.ram         |    <0.001 |
|             ramloop[1].ram.r          |    <0.001 |
|               prim_noinit.ram         |    <0.001 |
|             ramloop[20].ram.r         |    <0.001 |
|               prim_noinit.ram         |    <0.001 |
|             ramloop[21].ram.r         |    <0.001 |
|               prim_noinit.ram         |    <0.001 |
|             ramloop[22].ram.r         |    <0.001 |
|               prim_noinit.ram         |    <0.001 |
|             ramloop[23].ram.r         |    <0.001 |
|               prim_noinit.ram         |    <0.001 |
|             ramloop[24].ram.r         |    <0.001 |
|               prim_noinit.ram         |    <0.001 |
|             ramloop[25].ram.r         |    <0.001 |
|               prim_noinit.ram         |    <0.001 |
|             ramloop[26].ram.r         |    <0.001 |
|               prim_noinit.ram         |    <0.001 |
|             ramloop[27].ram.r         |    <0.001 |
|               prim_noinit.ram         |    <0.001 |
|             ramloop[28].ram.r         |    <0.001 |
|               prim_noinit.ram         |    <0.001 |
|             ramloop[29].ram.r         |    <0.001 |
|               prim_noinit.ram         |    <0.001 |
|             ramloop[2].ram.r          |     0.001 |
|               prim_noinit.ram         |     0.001 |
|             ramloop[30].ram.r         |    <0.001 |
|               prim_noinit.ram         |    <0.001 |
|             ramloop[3].ram.r          |    <0.001 |
|               prim_noinit.ram         |    <0.001 |
|             ramloop[4].ram.r          |    <0.001 |
|               prim_noinit.ram         |    <0.001 |
|             ramloop[5].ram.r          |     0.001 |
|               prim_noinit.ram         |     0.001 |
|             ramloop[6].ram.r          |     0.001 |
|               prim_noinit.ram         |     0.001 |
|             ramloop[7].ram.r          |    <0.001 |
|               prim_noinit.ram         |    <0.001 |
|             ramloop[8].ram.r          |     0.001 |
|               prim_noinit.ram         |     0.001 |
|             ramloop[9].ram.r          |     0.001 |
|               prim_noinit.ram         |     0.001 |
|   o                                   |    <0.001 |
|     generator                         |    <0.001 |
|   p                                   |    <0.001 |
|   pixelclk                            |     0.122 |
|     inst                              |     0.122 |
|   tohsv                               |    <0.001 |
|     hue_div1                          |     0.000 |
|       U0                              |     0.000 |
|     hue_div2                          |     0.000 |
|       U0                              |     0.000 |
|   vga1                                |    <0.001 |
|   vga2                                |     0.001 |
+---------------------------------------+-----------+


